app/libs/appinventorapi/build/intermediates/manifest_merge_blame_file/debug/processDebugManifest/manifest-merger-blame-debug-report.txt
1<?xml version="1.0" encoding="utf-8"?>
2<manifest xmlns:android="http://schemas.android.com/apk/res/android"
3    package="in.co.appinventor" >
4
5    <uses-sdk android:minSdkVersion="23" />
6
7    <uses-permission android:name="android.permission.ACCESS_NETWORK_STATE" />
7-->src\main\AndroidManifest.xml:4:5-79
7-->src\main\AndroidManifest.xml:4:22-76
8
9    <queries>
9-->src\main\AndroidManifest.xml:5:5-9:15
10        <intent>
10-->src\main\AndroidManifest.xml:6:9-8:18
11            <action android:name="android.media.action.IMAGE_CAPTURE" />
11-->src\main\AndroidManifest.xml:7:13-73
11-->src\main\AndroidManifest.xml:7:21-70
12        </intent>
13    </queries>
14
15</manifest>